Traceback (most recent call last):
  File "/home/mkarttu/anaconda3/lib/python3.8/site-packages/jupyter_cache/executors/utils.py", line 51, in single_nb_execution
    executenb(
  File "/home/mkarttu/.local/lib/python3.8/site-packages/nbclient/client.py", line 1087, in execute
    return NotebookClient(nb=nb, resources=resources, km=km, **kwargs).execute()
  File "/home/mkarttu/.local/lib/python3.8/site-packages/nbclient/util.py", line 74, in wrapped
    return just_run(coro(*args, **kwargs))
  File "/home/mkarttu/.local/lib/python3.8/site-packages/nbclient/util.py", line 53, in just_run
    return loop.run_until_complete(coro)
  File "/home/mkarttu/anaconda3/lib/python3.8/asyncio/base_events.py", line 616, in run_until_complete
    return future.result()
  File "/home/mkarttu/.local/lib/python3.8/site-packages/nbclient/client.py", line 540, in async_execute
    await self.async_execute_cell(
  File "/home/mkarttu/.local/lib/python3.8/site-packages/nbclient/client.py", line 832, in async_execute_cell
    self._check_raise_for_error(cell, exec_reply)
  File "/home/mkarttu/.local/lib/python3.8/site-packages/nbclient/client.py", line 740, in _check_raise_for_error
    raise CellExecutionError.from_cell_and_msg(cell, exec_reply['content'])
nbclient.exceptions.CellExecutionError: An error occurred while executing the following cell:
------------------
b-np.roll(b, -delay)
#indices = [0:3] 
#a[indices].sum()
#import itertools as ite
shift = len(b)-delay
print(b[0:shift])
print(bb[0:shift])
#np.square
cc = np.cumsum(np.square(b[0:shift] -bb))
print(b[0:shift] -bb)
print(cc)
np.sum(cc)/len(cc)
#g=b[0:2]
#print(len(g))
------------------

[0;31m---------------------------------------------------------------------------[0m
[0;31mValueError[0m                                Traceback (most recent call last)
[0;32m<ipython-input-15-ad184ca1216b>[0m in [0;36m<module>[0;34m[0m
[1;32m      7[0m [0mprint[0m[0;34m([0m[0mbb[0m[0;34m[[0m[0;36m0[0m[0;34m:[0m[0mshift[0m[0;34m][0m[0;34m)[0m[0;34m[0m[0;34m[0m[0m
[1;32m      8[0m [0;31m#np.square[0m[0;34m[0m[0;34m[0m[0;34m[0m[0m
[0;32m----> 9[0;31m [0mcc[0m [0;34m=[0m [0mnp[0m[0;34m.[0m[0mcumsum[0m[0;34m([0m[0mnp[0m[0;34m.[0m[0msquare[0m[0;34m([0m[0mb[0m[0;34m[[0m[0;36m0[0m[0;34m:[0m[0mshift[0m[0;34m][0m [0;34m-[0m[0mbb[0m[0;34m)[0m[0;34m)[0m[0;34m[0m[0;34m[0m[0m
[0m[1;32m     10[0m [0mprint[0m[0;34m([0m[0mb[0m[0;34m[[0m[0;36m0[0m[0;34m:[0m[0mshift[0m[0;34m][0m [0;34m-[0m[0mbb[0m[0;34m)[0m[0;34m[0m[0;34m[0m[0m
[1;32m     11[0m [0mprint[0m[0;34m([0m[0mcc[0m[0;34m)[0m[0;34m[0m[0;34m[0m[0m

[0;31mValueError[0m: operands could not be broadcast together with shapes (9,) (4,) 
ValueError: operands could not be broadcast together with shapes (9,) (4,) 

