Traceback (most recent call last):
  File "/home/mkarttu/anaconda3/lib/python3.8/site-packages/jupyter_cache/executors/utils.py", line 51, in single_nb_execution
    executenb(
  File "/home/mkarttu/.local/lib/python3.8/site-packages/nbclient/client.py", line 1087, in execute
    return NotebookClient(nb=nb, resources=resources, km=km, **kwargs).execute()
  File "/home/mkarttu/.local/lib/python3.8/site-packages/nbclient/util.py", line 74, in wrapped
    return just_run(coro(*args, **kwargs))
  File "/home/mkarttu/.local/lib/python3.8/site-packages/nbclient/util.py", line 53, in just_run
    return loop.run_until_complete(coro)
  File "/home/mkarttu/anaconda3/lib/python3.8/asyncio/base_events.py", line 616, in run_until_complete
    return future.result()
  File "/home/mkarttu/.local/lib/python3.8/site-packages/nbclient/client.py", line 540, in async_execute
    await self.async_execute_cell(
  File "/home/mkarttu/.local/lib/python3.8/site-packages/nbclient/client.py", line 832, in async_execute_cell
    self._check_raise_for_error(cell, exec_reply)
  File "/home/mkarttu/.local/lib/python3.8/site-packages/nbclient/client.py", line 740, in _check_raise_for_error
    raise CellExecutionError.from_cell_and_msg(cell, exec_reply['content'])
nbclient.exceptions.CellExecutionError: An error occurred while executing the following cell:
------------------
import numpy as np

def f(x):
   return 1/np.sqrt(np.pi) * np.exp(-x**2)

x = np.linspace(0, 2, num=9, endpoint=True)
print("sample points: ",x)

y = f(x)
from scipy import integrate
I1 = integrate.trapezoid(y, x)
I2 = integrate.simpson(y, x)
print("trapezoidal = ",I1, ", Simpsons = ",I2)
------------------

[0;31m---------------------------------------------------------------------------[0m
[0;31mAttributeError[0m                            Traceback (most recent call last)
[0;32m<ipython-input-1-5abbadb259be>[0m in [0;36m<module>[0;34m[0m
[1;32m      9[0m [0my[0m [0;34m=[0m [0mf[0m[0;34m([0m[0mx[0m[0;34m)[0m[0;34m[0m[0;34m[0m[0m
[1;32m     10[0m [0;32mfrom[0m [0mscipy[0m [0;32mimport[0m [0mintegrate[0m[0;34m[0m[0;34m[0m[0m
[0;32m---> 11[0;31m [0mI1[0m [0;34m=[0m [0mintegrate[0m[0;34m.[0m[0mtrapezoid[0m[0;34m([0m[0my[0m[0;34m,[0m [0mx[0m[0;34m)[0m[0;34m[0m[0;34m[0m[0m
[0m[1;32m     12[0m [0mI2[0m [0;34m=[0m [0mintegrate[0m[0;34m.[0m[0msimpson[0m[0;34m([0m[0my[0m[0;34m,[0m [0mx[0m[0;34m)[0m[0;34m[0m[0;34m[0m[0m
[1;32m     13[0m [0mprint[0m[0;34m([0m[0;34m"trapezoidal = "[0m[0;34m,[0m[0mI1[0m[0;34m,[0m [0;34m", Simpsons = "[0m[0;34m,[0m[0mI2[0m[0;34m)[0m[0;34m[0m[0;34m[0m[0m

[0;31mAttributeError[0m: module 'scipy.integrate' has no attribute 'trapezoid'
AttributeError: module 'scipy.integrate' has no attribute 'trapezoid'

